<?xml version="1.0" encoding="utf-8"?><testsuites name="pytest tests"><testsuite name="pytest" errors="0" failures="0" skipped="0" tests="13" time="1.447" timestamp="2026-04-23T10:27:28.251037+00:00" hostname="agent-env-9fa14755-01b1-45c3-b6ef-fde7dbc3675d"><testcase classname="backend.tests.test_reviews_admin" name="test_root_api" time="0.196" /><testcase classname="backend.tests.test_reviews_admin" name="test_admin_login_wrong_password" time="0.045" /><testcase classname="backend.tests.test_reviews_admin" name="test_admin_login_correct_password" time="0.043" /><testcase classname="backend.tests.test_reviews_admin" name="test_admin_endpoints_require_auth" time="0.124" /><testcase classname="backend.tests.test_reviews_admin" name="test_create_review_public" time="0.052" /><testcase classname="backend.tests.test_reviews_admin" name="test_create_review_invalid_rating" time="0.041" /><testcase classname="backend.tests.test_reviews_admin" name="test_create_review_missing_fields" time="0.044" /><testcase classname="backend.tests.test_reviews_admin" name="test_public_list_only_approved" time="0.083" /><testcase classname="backend.tests.test_reviews_admin" name="test_admin_list_all" time="0.086" /><testcase classname="backend.tests.test_reviews_admin" name="test_approve_review_flow" time="0.125" /><testcase classname="backend.tests.test_reviews_admin" name="test_unapprove_review" time="0.096" /><testcase classname="backend.tests.test_reviews_admin" name="test_delete_review" time="0.207" /><testcase classname="backend.tests.test_reviews_admin" name="test_patch_nonexistent_review" time="0.155" /></testsuite></testsuites>